<?xml version="1.0" encoding="UTF-8"?>
<testng-results skipped="0" failed="0" total="20" passed="20">
  <reporter-output>
  </reporter-output>
  <suite name="Default suite" duration-ms="13500368" started-at="2018-04-10T18:32:55Z" finished-at="2018-04-10T22:17:56Z">
    <groups>
    </groups>
    <test name="Default test" duration-ms="13500368" started-at="2018-04-10T18:32:55Z" finished-at="2018-04-10T22:17:56Z">
      <class name="testCases.TestCaseName">
        <test-method status="PASS" signature="preRequisite()[pri:0, instance:testCases.TestCaseName@31ef45e3]" name="preRequisite" is-config="true" duration-ms="400" started-at="2018-04-11T00:02:55Z" finished-at="2018-04-11T00:02:55Z">
          <reporter-output>
          </reporter-output>
        </test-method> <!-- preRequisite -->
        <test-method status="PASS" signature="setup()[pri:0, instance:testCases.TestCaseName@31ef45e3]" name="setup" is-config="true" duration-ms="0" started-at="2018-04-11T00:02:56Z" finished-at="2018-04-11T00:02:56Z">
          <reporter-output>
          </reporter-output>
        </test-method> <!-- setup -->
        <test-method status="PASS" signature="TC_ID(java.lang.String)[pri:0, instance:testCases.TestCaseName@31ef45e3]" name="TC_ID" duration-ms="534244" started-at="2018-04-11T00:02:56Z" data-provider="URLs" finished-at="2018-04-11T00:11:50Z">
          <params>
            <param index="0">
              <value>
                <![CDATA[https://www-stage.oracle.com/storage/nas/storage-appliance-encryption/index.html]]>
              </value>
            </param>
          </params>
          <reporter-output>
          </reporter-output>
        </test-method> <!-- TC_ID -->
        <test-method status="PASS" signature="updateResults()[pri:0, instance:testCases.TestCaseName@31ef45e3]" name="updateResults" is-config="true" duration-ms="2299" started-at="2018-04-11T00:11:50Z" finished-at="2018-04-11T00:11:52Z">
          <reporter-output>
          </reporter-output>
        </test-method> <!-- updateResults -->
        <test-method status="PASS" signature="setup()[pri:0, instance:testCases.TestCaseName@31ef45e3]" name="setup" is-config="true" duration-ms="0" started-at="2018-04-11T00:11:52Z" finished-at="2018-04-11T00:11:52Z">
          <reporter-output>
          </reporter-output>
        </test-method> <!-- setup -->
        <test-method status="PASS" signature="TC_ID(java.lang.String)[pri:0, instance:testCases.TestCaseName@31ef45e3]" name="TC_ID" duration-ms="487885" started-at="2018-04-11T00:11:52Z" data-provider="URLs" finished-at="2018-04-11T00:20:00Z">
          <params>
            <param index="0">
              <value>
                <![CDATA[https://www-stage.oracle.com/storage/tape-storage/enterprise-library-software/index.html]]>
              </value>
            </param>
          </params>
          <reporter-output>
          </reporter-output>
        </test-method> <!-- TC_ID -->
        <test-method status="PASS" signature="updateResults()[pri:0, instance:testCases.TestCaseName@31ef45e3]" name="updateResults" is-config="true" duration-ms="2294" started-at="2018-04-11T00:20:00Z" finished-at="2018-04-11T00:20:02Z">
          <reporter-output>
          </reporter-output>
        </test-method> <!-- updateResults -->
        <test-method status="PASS" signature="TC_ID(java.lang.String)[pri:0, instance:testCases.TestCaseName@31ef45e3]" name="TC_ID" duration-ms="718591" started-at="2018-04-11T00:20:02Z" data-provider="URLs" finished-at="2018-04-11T00:32:01Z">
          <params>
            <param index="0">
              <value>
                <![CDATA[https://www-stage.oracle.com/storage/nas/index.html]]>
              </value>
            </param>
          </params>
          <reporter-output>
          </reporter-output>
        </test-method> <!-- TC_ID -->
        <test-method status="PASS" signature="setup()[pri:0, instance:testCases.TestCaseName@31ef45e3]" name="setup" is-config="true" duration-ms="0" started-at="2018-04-11T00:20:02Z" finished-at="2018-04-11T00:20:02Z">
          <reporter-output>
          </reporter-output>
        </test-method> <!-- setup -->
        <test-method status="PASS" signature="updateResults()[pri:0, instance:testCases.TestCaseName@31ef45e3]" name="updateResults" is-config="true" duration-ms="2491" started-at="2018-04-11T00:32:01Z" finished-at="2018-04-11T00:32:04Z">
          <reporter-output>
          </reporter-output>
        </test-method> <!-- updateResults -->
        <test-method status="PASS" signature="setup()[pri:0, instance:testCases.TestCaseName@31ef45e3]" name="setup" is-config="true" duration-ms="0" started-at="2018-04-11T00:32:04Z" finished-at="2018-04-11T00:32:04Z">
          <reporter-output>
          </reporter-output>
        </test-method> <!-- setup -->
        <test-method status="PASS" signature="TC_ID(java.lang.String)[pri:0, instance:testCases.TestCaseName@31ef45e3]" name="TC_ID" duration-ms="174690" started-at="2018-04-11T00:32:04Z" data-provider="URLs" finished-at="2018-04-11T00:34:58Z">
          <params>
            <param index="0">
              <value>
                <![CDATA[https://www-stage.oracle.com/storage/all-flash-fs-and-fs1/index.html]]>
              </value>
            </param>
          </params>
          <reporter-output>
          </reporter-output>
        </test-method> <!-- TC_ID -->
        <test-method status="PASS" signature="updateResults()[pri:0, instance:testCases.TestCaseName@31ef45e3]" name="updateResults" is-config="true" duration-ms="2377" started-at="2018-04-11T00:34:58Z" finished-at="2018-04-11T00:35:01Z">
          <reporter-output>
          </reporter-output>
        </test-method> <!-- updateResults -->
        <test-method status="PASS" signature="setup()[pri:0, instance:testCases.TestCaseName@31ef45e3]" name="setup" is-config="true" duration-ms="1" started-at="2018-04-11T00:35:01Z" finished-at="2018-04-11T00:35:01Z">
          <reporter-output>
          </reporter-output>
        </test-method> <!-- setup -->
        <test-method status="PASS" signature="TC_ID(java.lang.String)[pri:0, instance:testCases.TestCaseName@31ef45e3]" name="TC_ID" duration-ms="1353493" started-at="2018-04-11T00:35:01Z" data-provider="URLs" finished-at="2018-04-11T00:57:34Z">
          <params>
            <param index="0">
              <value>
                <![CDATA[https://www-stage.oracle.com/storage/index.html]]>
              </value>
            </param>
          </params>
          <reporter-output>
          </reporter-output>
        </test-method> <!-- TC_ID -->
        <test-method status="PASS" signature="updateResults()[pri:0, instance:testCases.TestCaseName@31ef45e3]" name="updateResults" is-config="true" duration-ms="2478" started-at="2018-04-11T00:57:34Z" finished-at="2018-04-11T00:57:37Z">
          <reporter-output>
          </reporter-output>
        </test-method> <!-- updateResults -->
        <test-method status="PASS" signature="setup()[pri:0, instance:testCases.TestCaseName@31ef45e3]" name="setup" is-config="true" duration-ms="0" started-at="2018-04-11T00:57:37Z" finished-at="2018-04-11T00:57:37Z">
          <reporter-output>
          </reporter-output>
        </test-method> <!-- setup -->
        <test-method status="PASS" signature="TC_ID(java.lang.String)[pri:0, instance:testCases.TestCaseName@31ef45e3]" name="TC_ID" duration-ms="575029" started-at="2018-04-11T00:57:37Z" data-provider="URLs" finished-at="2018-04-11T01:07:12Z">
          <params>
            <param index="0">
              <value>
                <![CDATA[https://www-stage.oracle.com/storage/nas/zfs-appliance-software/index.html]]>
              </value>
            </param>
          </params>
          <reporter-output>
          </reporter-output>
        </test-method> <!-- TC_ID -->
        <test-method status="PASS" signature="updateResults()[pri:0, instance:testCases.TestCaseName@31ef45e3]" name="updateResults" is-config="true" duration-ms="2278" started-at="2018-04-11T01:07:12Z" finished-at="2018-04-11T01:07:14Z">
          <reporter-output>
          </reporter-output>
        </test-method> <!-- updateResults -->
        <test-method status="PASS" signature="TC_ID(java.lang.String)[pri:0, instance:testCases.TestCaseName@31ef45e3]" name="TC_ID" duration-ms="844988" started-at="2018-04-11T01:07:14Z" data-provider="URLs" finished-at="2018-04-11T01:21:19Z">
          <params>
            <param index="0">
              <value>
                <![CDATA[https://www-stage.oracle.com/storage/nas/zs5-2/index.html]]>
              </value>
            </param>
          </params>
          <reporter-output>
          </reporter-output>
        </test-method> <!-- TC_ID -->
        <test-method status="PASS" signature="setup()[pri:0, instance:testCases.TestCaseName@31ef45e3]" name="setup" is-config="true" duration-ms="0" started-at="2018-04-11T01:07:14Z" finished-at="2018-04-11T01:07:14Z">
          <reporter-output>
          </reporter-output>
        </test-method> <!-- setup -->
        <test-method status="PASS" signature="updateResults()[pri:0, instance:testCases.TestCaseName@31ef45e3]" name="updateResults" is-config="true" duration-ms="2266" started-at="2018-04-11T01:21:19Z" finished-at="2018-04-11T01:21:21Z">
          <reporter-output>
          </reporter-output>
        </test-method> <!-- updateResults -->
        <test-method status="PASS" signature="setup()[pri:0, instance:testCases.TestCaseName@31ef45e3]" name="setup" is-config="true" duration-ms="1" started-at="2018-04-11T01:21:21Z" finished-at="2018-04-11T01:21:21Z">
          <reporter-output>
          </reporter-output>
        </test-method> <!-- setup -->
        <test-method status="PASS" signature="TC_ID(java.lang.String)[pri:0, instance:testCases.TestCaseName@31ef45e3]" name="TC_ID" duration-ms="664555" started-at="2018-04-11T01:21:21Z" data-provider="URLs" finished-at="2018-04-11T01:32:26Z">
          <params>
            <param index="0">
              <value>
                <![CDATA[https://www-stage.oracle.com/storage/nas/zs-backup/index.html]]>
              </value>
            </param>
          </params>
          <reporter-output>
          </reporter-output>
        </test-method> <!-- TC_ID -->
        <test-method status="PASS" signature="updateResults()[pri:0, instance:testCases.TestCaseName@31ef45e3]" name="updateResults" is-config="true" duration-ms="2400" started-at="2018-04-11T01:32:26Z" finished-at="2018-04-11T01:32:28Z">
          <reporter-output>
          </reporter-output>
        </test-method> <!-- updateResults -->
        <test-method status="PASS" signature="setup()[pri:0, instance:testCases.TestCaseName@31ef45e3]" name="setup" is-config="true" duration-ms="0" started-at="2018-04-11T01:32:28Z" finished-at="2018-04-11T01:32:28Z">
          <reporter-output>
          </reporter-output>
        </test-method> <!-- setup -->
        <test-method status="PASS" signature="TC_ID(java.lang.String)[pri:0, instance:testCases.TestCaseName@31ef45e3]" name="TC_ID" duration-ms="484356" started-at="2018-04-11T01:32:28Z" data-provider="URLs" finished-at="2018-04-11T01:40:32Z">
          <params>
            <param index="0">
              <value>
                <![CDATA[https://www-stage.oracle.com/storage/tape-storage/acsls/index.html]]>
              </value>
            </param>
          </params>
          <reporter-output>
          </reporter-output>
        </test-method> <!-- TC_ID -->
        <test-method status="PASS" signature="updateResults()[pri:0, instance:testCases.TestCaseName@31ef45e3]" name="updateResults" is-config="true" duration-ms="2392" started-at="2018-04-11T01:40:32Z" finished-at="2018-04-11T01:40:35Z">
          <reporter-output>
          </reporter-output>
        </test-method> <!-- updateResults -->
        <test-method status="PASS" signature="setup()[pri:0, instance:testCases.TestCaseName@31ef45e3]" name="setup" is-config="true" duration-ms="0" started-at="2018-04-11T01:40:35Z" finished-at="2018-04-11T01:40:35Z">
          <reporter-output>
          </reporter-output>
        </test-method> <!-- setup -->
        <test-method status="PASS" signature="TC_ID(java.lang.String)[pri:0, instance:testCases.TestCaseName@31ef45e3]" name="TC_ID" duration-ms="528685" started-at="2018-04-11T01:40:35Z" data-provider="URLs" finished-at="2018-04-11T01:49:24Z">
          <params>
            <param index="0">
              <value>
                <![CDATA[https://www-stage.oracle.com/storage/tape-storage/enterprise-library-software/index.html]]>
              </value>
            </param>
          </params>
          <reporter-output>
          </reporter-output>
        </test-method> <!-- TC_ID -->
        <test-method status="PASS" signature="updateResults()[pri:0, instance:testCases.TestCaseName@31ef45e3]" name="updateResults" is-config="true" duration-ms="561" started-at="2018-04-11T01:49:24Z" finished-at="2018-04-11T01:49:24Z">
          <reporter-output>
          </reporter-output>
        </test-method> <!-- updateResults -->
        <test-method status="PASS" signature="setup()[pri:0, instance:testCases.TestCaseName@31ef45e3]" name="setup" is-config="true" duration-ms="1" started-at="2018-04-11T01:49:24Z" finished-at="2018-04-11T01:49:24Z">
          <reporter-output>
          </reporter-output>
        </test-method> <!-- setup -->
        <test-method status="PASS" signature="TC_ID(java.lang.String)[pri:0, instance:testCases.TestCaseName@31ef45e3]" name="TC_ID" duration-ms="396570" started-at="2018-04-11T01:49:24Z" data-provider="URLs" finished-at="2018-04-11T01:56:01Z">
          <params>
            <param index="0">
              <value>
                <![CDATA[https://www-stage.oracle.com/storage/tape-storage/hierarchical-storage-manager/features/index.html]]>
              </value>
            </param>
          </params>
          <reporter-output>
          </reporter-output>
        </test-method> <!-- TC_ID -->
        <test-method status="PASS" signature="updateResults()[pri:0, instance:testCases.TestCaseName@31ef45e3]" name="updateResults" is-config="true" duration-ms="2465" started-at="2018-04-11T01:56:01Z" finished-at="2018-04-11T01:56:03Z">
          <reporter-output>
          </reporter-output>
        </test-method> <!-- updateResults -->
        <test-method status="PASS" signature="setup()[pri:0, instance:testCases.TestCaseName@31ef45e3]" name="setup" is-config="true" duration-ms="0" started-at="2018-04-11T01:56:03Z" finished-at="2018-04-11T01:56:03Z">
          <reporter-output>
          </reporter-output>
        </test-method> <!-- setup -->
        <test-method status="PASS" signature="TC_ID(java.lang.String)[pri:0, instance:testCases.TestCaseName@31ef45e3]" name="TC_ID" duration-ms="636757" started-at="2018-04-11T01:56:03Z" data-provider="URLs" finished-at="2018-04-11T02:06:40Z">
          <params>
            <param index="0">
              <value>
                <![CDATA[https://www-stage.oracle.com/storage/tape-storage/hierarchical-storage-manager/index.html]]>
              </value>
            </param>
          </params>
          <reporter-output>
          </reporter-output>
        </test-method> <!-- TC_ID -->
        <test-method status="PASS" signature="updateResults()[pri:0, instance:testCases.TestCaseName@31ef45e3]" name="updateResults" is-config="true" duration-ms="2612" started-at="2018-04-11T02:06:40Z" finished-at="2018-04-11T02:06:43Z">
          <reporter-output>
          </reporter-output>
        </test-method> <!-- updateResults -->
        <test-method status="PASS" signature="setup()[pri:0, instance:testCases.TestCaseName@31ef45e3]" name="setup" is-config="true" duration-ms="0" started-at="2018-04-11T02:06:43Z" finished-at="2018-04-11T02:06:43Z">
          <reporter-output>
          </reporter-output>
        </test-method> <!-- setup -->
        <test-method status="PASS" signature="TC_ID(java.lang.String)[pri:0, instance:testCases.TestCaseName@31ef45e3]" name="TC_ID" duration-ms="862506" started-at="2018-04-11T02:06:43Z" data-provider="URLs" finished-at="2018-04-11T02:21:05Z">
          <params>
            <param index="0">
              <value>
                <![CDATA[https://www-stage.oracle.com/storage/tape-storage/hierarchical-storage-manager/resources/index.html]]>
              </value>
            </param>
          </params>
          <reporter-output>
          </reporter-output>
        </test-method> <!-- TC_ID -->
        <test-method status="PASS" signature="updateResults()[pri:0, instance:testCases.TestCaseName@31ef45e3]" name="updateResults" is-config="true" duration-ms="2542" started-at="2018-04-11T02:21:05Z" finished-at="2018-04-11T02:21:08Z">
          <reporter-output>
          </reporter-output>
        </test-method> <!-- updateResults -->
        <test-method status="PASS" signature="setup()[pri:0, instance:testCases.TestCaseName@31ef45e3]" name="setup" is-config="true" duration-ms="0" started-at="2018-04-11T02:21:08Z" finished-at="2018-04-11T02:21:08Z">
          <reporter-output>
          </reporter-output>
        </test-method> <!-- setup -->
        <test-method status="PASS" signature="TC_ID(java.lang.String)[pri:0, instance:testCases.TestCaseName@31ef45e3]" name="TC_ID" duration-ms="909101" started-at="2018-04-11T02:21:08Z" data-provider="URLs" finished-at="2018-04-11T02:36:17Z">
          <params>
            <param index="0">
              <value>
                <![CDATA[https://www-stage.oracle.com/storage/tape-storage/index.html]]>
              </value>
            </param>
          </params>
          <reporter-output>
          </reporter-output>
        </test-method> <!-- TC_ID -->
        <test-method status="PASS" signature="updateResults()[pri:0, instance:testCases.TestCaseName@31ef45e3]" name="updateResults" is-config="true" duration-ms="658" started-at="2018-04-11T02:36:17Z" finished-at="2018-04-11T02:36:17Z">
          <reporter-output>
          </reporter-output>
        </test-method> <!-- updateResults -->
        <test-method status="PASS" signature="setup()[pri:0, instance:testCases.TestCaseName@31ef45e3]" name="setup" is-config="true" duration-ms="0" started-at="2018-04-11T02:36:17Z" finished-at="2018-04-11T02:36:17Z">
          <reporter-output>
          </reporter-output>
        </test-method> <!-- setup -->
        <test-method status="PASS" signature="TC_ID(java.lang.String)[pri:0, instance:testCases.TestCaseName@31ef45e3]" name="TC_ID" duration-ms="537969" started-at="2018-04-11T02:36:17Z" data-provider="URLs" finished-at="2018-04-11T02:45:15Z">
          <params>
            <param index="0">
              <value>
                <![CDATA[https://www-stage.oracle.com/storage/tape-storage/key-manager-3/index.html]]>
              </value>
            </param>
          </params>
          <reporter-output>
          </reporter-output>
        </test-method> <!-- TC_ID -->
        <test-method status="PASS" signature="updateResults()[pri:0, instance:testCases.TestCaseName@31ef45e3]" name="updateResults" is-config="true" duration-ms="580" started-at="2018-04-11T02:45:15Z" finished-at="2018-04-11T02:45:16Z">
          <reporter-output>
          </reporter-output>
        </test-method> <!-- updateResults -->
        <test-method status="PASS" signature="setup()[pri:0, instance:testCases.TestCaseName@31ef45e3]" name="setup" is-config="true" duration-ms="2" started-at="2018-04-11T02:45:16Z" finished-at="2018-04-11T02:45:16Z">
          <reporter-output>
          </reporter-output>
        </test-method> <!-- setup -->
        <test-method status="PASS" signature="TC_ID(java.lang.String)[pri:0, instance:testCases.TestCaseName@31ef45e3]" name="TC_ID" duration-ms="887812" started-at="2018-04-11T02:45:16Z" data-provider="URLs" finished-at="2018-04-11T03:00:04Z">
          <params>
            <param index="0">
              <value>
                <![CDATA[https://www-stage.oracle.com/storage/tape-storage/ltfs/index.html]]>
              </value>
            </param>
          </params>
          <reporter-output>
          </reporter-output>
        </test-method> <!-- TC_ID -->
        <test-method status="PASS" signature="updateResults()[pri:0, instance:testCases.TestCaseName@31ef45e3]" name="updateResults" is-config="true" duration-ms="606" started-at="2018-04-11T03:00:04Z" finished-at="2018-04-11T03:00:04Z">
          <reporter-output>
          </reporter-output>
        </test-method> <!-- updateResults -->
        <test-method status="PASS" signature="TC_ID(java.lang.String)[pri:0, instance:testCases.TestCaseName@31ef45e3]" name="TC_ID" duration-ms="586366" started-at="2018-04-11T03:00:04Z" data-provider="URLs" finished-at="2018-04-11T03:09:51Z">
          <params>
            <param index="0">
              <value>
                <![CDATA[https://www-stage.oracle.com/storage/tape-storage/lto-data-cartridge/index.html]]>
              </value>
            </param>
          </params>
          <reporter-output>
          </reporter-output>
        </test-method> <!-- TC_ID -->
        <test-method status="PASS" signature="setup()[pri:0, instance:testCases.TestCaseName@31ef45e3]" name="setup" is-config="true" duration-ms="0" started-at="2018-04-11T03:00:04Z" finished-at="2018-04-11T03:00:04Z">
          <reporter-output>
          </reporter-output>
        </test-method> <!-- setup -->
        <test-method status="PASS" signature="updateResults()[pri:0, instance:testCases.TestCaseName@31ef45e3]" name="updateResults" is-config="true" duration-ms="2511" started-at="2018-04-11T03:09:51Z" finished-at="2018-04-11T03:09:53Z">
          <reporter-output>
          </reporter-output>
        </test-method> <!-- updateResults -->
        <test-method status="PASS" signature="setup()[pri:0, instance:testCases.TestCaseName@31ef45e3]" name="setup" is-config="true" duration-ms="4" started-at="2018-04-11T03:09:53Z" finished-at="2018-04-11T03:09:53Z">
          <reporter-output>
          </reporter-output>
        </test-method> <!-- setup -->
        <test-method status="PASS" signature="TC_ID(java.lang.String)[pri:0, instance:testCases.TestCaseName@31ef45e3]" name="TC_ID" duration-ms="643481" started-at="2018-04-11T03:09:53Z" data-provider="URLs" finished-at="2018-04-11T03:20:37Z">
          <params>
            <param index="0">
              <value>
                <![CDATA[https://www-stage.oracle.com/storage/tape-storage/lto-tape-drives/index.html]]>
              </value>
            </param>
          </params>
          <reporter-output>
          </reporter-output>
        </test-method> <!-- TC_ID -->
        <test-method status="PASS" signature="updateResults()[pri:0, instance:testCases.TestCaseName@31ef45e3]" name="updateResults" is-config="true" duration-ms="2347" started-at="2018-04-11T03:20:37Z" finished-at="2018-04-11T03:20:39Z">
          <reporter-output>
          </reporter-output>
        </test-method> <!-- updateResults -->
        <test-method status="PASS" signature="setup()[pri:0, instance:testCases.TestCaseName@31ef45e3]" name="setup" is-config="true" duration-ms="1" started-at="2018-04-11T03:20:39Z" finished-at="2018-04-11T03:20:39Z">
          <reporter-output>
          </reporter-output>
        </test-method> <!-- setup -->
        <test-method status="PASS" signature="TC_ID(java.lang.String)[pri:0, instance:testCases.TestCaseName@31ef45e3]" name="TC_ID" duration-ms="785160" started-at="2018-04-11T03:20:39Z" data-provider="URLs" finished-at="2018-04-11T03:33:44Z">
          <params>
            <param index="0">
              <value>
                <![CDATA[https://www-stage.oracle.com/storage/tape-storage/sl150-modular-tape-library/index.html]]>
              </value>
            </param>
          </params>
          <reporter-output>
          </reporter-output>
        </test-method> <!-- TC_ID -->
        <test-method status="PASS" signature="updateResults()[pri:0, instance:testCases.TestCaseName@31ef45e3]" name="updateResults" is-config="true" duration-ms="769" started-at="2018-04-11T03:33:44Z" finished-at="2018-04-11T03:33:45Z">
          <reporter-output>
          </reporter-output>
        </test-method> <!-- updateResults -->
        <test-method status="PASS" signature="setup()[pri:0, instance:testCases.TestCaseName@31ef45e3]" name="setup" is-config="true" duration-ms="0" started-at="2018-04-11T03:33:45Z" finished-at="2018-04-11T03:33:45Z">
          <reporter-output>
          </reporter-output>
        </test-method> <!-- setup -->
        <test-method status="PASS" signature="TC_ID(java.lang.String)[pri:0, instance:testCases.TestCaseName@31ef45e3]" name="TC_ID" duration-ms="847987" started-at="2018-04-11T03:33:45Z" data-provider="URLs" finished-at="2018-04-11T03:47:53Z">
          <params>
            <param index="0">
              <value>
                <![CDATA[https://www-stage.oracle.com/storage/tape-storage/sl3000-modular-library-system/index.html]]>
              </value>
            </param>
          </params>
          <reporter-output>
          </reporter-output>
        </test-method> <!-- TC_ID -->
        <test-method status="PASS" signature="updateResults()[pri:0, instance:testCases.TestCaseName@31ef45e3]" name="updateResults" is-config="true" duration-ms="2589" started-at="2018-04-11T03:47:53Z" finished-at="2018-04-11T03:47:56Z">
          <reporter-output>
          </reporter-output>
        </test-method> <!-- updateResults -->
        <test-method status="PASS" signature="tear()[pri:0, instance:testCases.TestCaseName@31ef45e3]" name="tear" is-config="true" duration-ms="11124" started-at="2018-04-11T03:47:56Z" finished-at="2018-04-11T03:48:07Z">
          <reporter-output>
          </reporter-output>
        </test-method> <!-- tear -->
      </class> <!-- testCases.TestCaseName -->
    </test> <!-- Default test -->
  </suite> <!-- Default suite -->
</testng-results>
