<?xml version="1.0" encoding="UTF-8"?>
<!-- Generated by org.testng.reporters.JUnitXMLReporter -->
<testsuite hostname="NBIRTHRA-LAP" name="Default test" tests="20" failures="0" timestamp="10 Apr 2018 22:17:56 GMT" time="13500.368" errors="0">
  <testcase name="TC_ID" time="534.244" classname="testCases.TestCaseName"/>
  <testcase name="TC_ID" time="487.885" classname="testCases.TestCaseName"/>
  <testcase name="TC_ID" time="718.591" classname="testCases.TestCaseName"/>
  <testcase name="TC_ID" time="174.69" classname="testCases.TestCaseName"/>
  <testcase name="TC_ID" time="1353.493" classname="testCases.TestCaseName"/>
  <testcase name="TC_ID" time="575.029" classname="testCases.TestCaseName"/>
  <testcase name="TC_ID" time="844.988" classname="testCases.TestCaseName"/>
  <testcase name="TC_ID" time="664.555" classname="testCases.TestCaseName"/>
  <testcase name="TC_ID" time="484.356" classname="testCases.TestCaseName"/>
  <testcase name="TC_ID" time="528.685" classname="testCases.TestCaseName"/>
  <testcase name="TC_ID" time="396.57" classname="testCases.TestCaseName"/>
  <testcase name="TC_ID" time="636.757" classname="testCases.TestCaseName"/>
  <testcase name="TC_ID" time="862.506" classname="testCases.TestCaseName"/>
  <testcase name="TC_ID" time="909.101" classname="testCases.TestCaseName"/>
  <testcase name="TC_ID" time="537.969" classname="testCases.TestCaseName"/>
  <testcase name="TC_ID" time="887.812" classname="testCases.TestCaseName"/>
  <testcase name="TC_ID" time="586.366" classname="testCases.TestCaseName"/>
  <testcase name="TC_ID" time="643.481" classname="testCases.TestCaseName"/>
  <testcase name="TC_ID" time="785.16" classname="testCases.TestCaseName"/>
  <testcase name="TC_ID" time="847.987" classname="testCases.TestCaseName"/>
</testsuite> <!-- Default test -->
